[debug] [2024-12-05T21:14:56.920Z] ----------------------------------------------------------------------
[debug] [2024-12-05T21:14:56.923Z] Command:       C:\Program Files\nodejs\node.exe C:\Users\itas1\AppData\Roaming\npm\node_modules\firebase-tools\lib\bin\firebase.js deploy --only hosting --debug
[debug] [2024-12-05T21:14:56.924Z] CLI Version:   13.28.0
[debug] [2024-12-05T21:14:56.924Z] Platform:      win32
[debug] [2024-12-05T21:14:56.924Z] Node Version:  v22.11.0
[debug] [2024-12-05T21:14:56.924Z] Time:          Thu Dec 05 2024 23:14:56 GMT+0200 (Israel Standard Time)
[debug] [2024-12-05T21:14:56.924Z] ----------------------------------------------------------------------
[debug] 
[debug] [2024-12-05T21:14:57.003Z] > command requires scopes: ["email","openid","https://www.googleapis.com/auth/cloudplatformprojects.readonly","https://www.googleapis.com/auth/firebase","https://www.googleapis.com/auth/cloud-platform"]
[debug] [2024-12-05T21:14:57.004Z] > authorizing via signed-in user (itas12@gmail.com)
[debug] [2024-12-05T21:14:57.004Z] [iam] checking project bite00 for permissions ["firebase.projects.get","firebasehosting.sites.update"]
[debug] [2024-12-05T21:14:57.006Z] Checked if tokens are valid: true, expires at: 1733434575873
[debug] [2024-12-05T21:14:57.006Z] Checked if tokens are valid: true, expires at: 1733434575873
[debug] [2024-12-05T21:14:57.007Z] >>> [apiv2][query] POST https://cloudresourcemanager.googleapis.com/v1/projects/bite00:testIamPermissions [none]
[debug] [2024-12-05T21:14:57.008Z] >>> [apiv2][(partial)header] POST https://cloudresourcemanager.googleapis.com/v1/projects/bite00:testIamPermissions x-goog-quota-user=projects/bite00
[debug] [2024-12-05T21:14:57.008Z] >>> [apiv2][body] POST https://cloudresourcemanager.googleapis.com/v1/projects/bite00:testIamPermissions {"permissions":["firebase.projects.get","firebasehosting.sites.update"]}
[debug] [2024-12-05T21:14:58.024Z] <<< [apiv2][status] POST https://cloudresourcemanager.googleapis.com/v1/projects/bite00:testIamPermissions 200
[debug] [2024-12-05T21:14:58.025Z] <<< [apiv2][body] POST https://cloudresourcemanager.googleapis.com/v1/projects/bite00:testIamPermissions {"permissions":["firebase.projects.get","firebasehosting.sites.update"]}
[debug] [2024-12-05T21:14:58.027Z] Checked if tokens are valid: true, expires at: 1733434575873
[debug] [2024-12-05T21:14:58.027Z] Checked if tokens are valid: true, expires at: 1733434575873
[debug] [2024-12-05T21:14:58.028Z] >>> [apiv2][query] GET https://firebase.googleapis.com/v1beta1/projects/bite00 [none]
[debug] [2024-12-05T21:14:58.363Z] <<< [apiv2][status] GET https://firebase.googleapis.com/v1beta1/projects/bite00 200
[debug] [2024-12-05T21:14:58.364Z] <<< [apiv2][body] GET https://firebase.googleapis.com/v1beta1/projects/bite00 {"projectId":"bite00","projectNumber":"971385690514","displayName":"bite","name":"projects/bite00","resources":{"hostingSite":"bite00","realtimeDatabaseInstance":"bite00-default-rtdb"},"state":"ACTIVE","etag":"1_bdc711c2-2245-4c76-a892-732b3833ad6d"}
[debug] [2024-12-05T21:14:58.369Z] Specified "public" directory "build" does not exist; Deploy to Hosting site "bite00" may fail or be empty.
[info] 
[info] === Deploying to 'bite00'...
[info] 
[info] i  deploying hosting 
[debug] [2024-12-05T21:14:58.382Z] Checked if tokens are valid: true, expires at: 1733434575873
[debug] [2024-12-05T21:14:58.382Z] Checked if tokens are valid: true, expires at: 1733434575873
[debug] [2024-12-05T21:14:58.383Z] >>> [apiv2][query] POST https://firebasehosting.googleapis.com/v1beta1/projects/-/sites/bite00/versions [none]
[debug] [2024-12-05T21:14:58.384Z] >>> [apiv2][body] POST https://firebasehosting.googleapis.com/v1beta1/projects/-/sites/bite00/versions {"status":"CREATED","labels":{"deployment-tool":"cli-firebase"}}
[debug] [2024-12-05T21:14:59.933Z] <<< [apiv2][status] POST https://firebasehosting.googleapis.com/v1beta1/projects/-/sites/bite00/versions 200
[debug] [2024-12-05T21:14:59.935Z] <<< [apiv2][body] POST https://firebasehosting.googleapis.com/v1beta1/projects/-/sites/bite00/versions {"name":"projects/971385690514/sites/bite00/versions/a667507ecc38d7da","status":"CREATED","config":{},"labels":{"deployment-tool":"cli-firebase"}}
[info] i  hosting[bite00]: beginning deploy... 
[error] 
[error] Error: Directory 'build' for Hosting does not exist.
[debug] [2024-12-05T21:15:32.346Z] ----------------------------------------------------------------------
[debug] [2024-12-05T21:15:32.349Z] Command:       C:\Program Files\nodejs\node.exe C:\Users\itas1\AppData\Roaming\npm\node_modules\firebase-tools\lib\bin\firebase.js deploy --only hosting --debug
[debug] [2024-12-05T21:15:32.349Z] CLI Version:   13.28.0
[debug] [2024-12-05T21:15:32.349Z] Platform:      win32
[debug] [2024-12-05T21:15:32.349Z] Node Version:  v22.11.0
[debug] [2024-12-05T21:15:32.350Z] Time:          Thu Dec 05 2024 23:15:32 GMT+0200 (Israel Standard Time)
[debug] [2024-12-05T21:15:32.350Z] ----------------------------------------------------------------------
[debug] 
[debug] [2024-12-05T21:15:32.419Z] > command requires scopes: ["email","openid","https://www.googleapis.com/auth/cloudplatformprojects.readonly","https://www.googleapis.com/auth/firebase","https://www.googleapis.com/auth/cloud-platform"]
[debug] [2024-12-05T21:15:32.419Z] > authorizing via signed-in user (itas12@gmail.com)
[debug] [2024-12-05T21:15:32.420Z] [iam] checking project bite00 for permissions ["firebase.projects.get","firebasehosting.sites.update"]
[debug] [2024-12-05T21:15:32.421Z] Checked if tokens are valid: true, expires at: 1733434575873
[debug] [2024-12-05T21:15:32.422Z] Checked if tokens are valid: true, expires at: 1733434575873
[debug] [2024-12-05T21:15:32.423Z] >>> [apiv2][query] POST https://cloudresourcemanager.googleapis.com/v1/projects/bite00:testIamPermissions [none]
[debug] [2024-12-05T21:15:32.423Z] >>> [apiv2][(partial)header] POST https://cloudresourcemanager.googleapis.com/v1/projects/bite00:testIamPermissions x-goog-quota-user=projects/bite00
[debug] [2024-12-05T21:15:32.424Z] >>> [apiv2][body] POST https://cloudresourcemanager.googleapis.com/v1/projects/bite00:testIamPermissions {"permissions":["firebase.projects.get","firebasehosting.sites.update"]}
[debug] [2024-12-05T21:15:33.413Z] <<< [apiv2][status] POST https://cloudresourcemanager.googleapis.com/v1/projects/bite00:testIamPermissions 200
[debug] [2024-12-05T21:15:33.414Z] <<< [apiv2][body] POST https://cloudresourcemanager.googleapis.com/v1/projects/bite00:testIamPermissions {"permissions":["firebase.projects.get","firebasehosting.sites.update"]}
[debug] [2024-12-05T21:15:33.415Z] Checked if tokens are valid: true, expires at: 1733434575873
[debug] [2024-12-05T21:15:33.415Z] Checked if tokens are valid: true, expires at: 1733434575873
[debug] [2024-12-05T21:15:33.416Z] >>> [apiv2][query] GET https://firebase.googleapis.com/v1beta1/projects/bite00 [none]
[debug] [2024-12-05T21:15:33.771Z] <<< [apiv2][status] GET https://firebase.googleapis.com/v1beta1/projects/bite00 200
[debug] [2024-12-05T21:15:33.772Z] <<< [apiv2][body] GET https://firebase.googleapis.com/v1beta1/projects/bite00 {"projectId":"bite00","projectNumber":"971385690514","displayName":"bite","name":"projects/bite00","resources":{"hostingSite":"bite00","realtimeDatabaseInstance":"bite00-default-rtdb"},"state":"ACTIVE","etag":"1_bdc711c2-2245-4c76-a892-732b3833ad6d"}
[info] 
[info] === Deploying to 'bite00'...
[info] 
[info] i  deploying hosting 
[debug] [2024-12-05T21:15:33.788Z] Checked if tokens are valid: true, expires at: 1733434575873
[debug] [2024-12-05T21:15:33.789Z] Checked if tokens are valid: true, expires at: 1733434575873
[debug] [2024-12-05T21:15:33.789Z] >>> [apiv2][query] POST https://firebasehosting.googleapis.com/v1beta1/projects/-/sites/bite00/versions [none]
[debug] [2024-12-05T21:15:33.789Z] >>> [apiv2][body] POST https://firebasehosting.googleapis.com/v1beta1/projects/-/sites/bite00/versions {"status":"CREATED","labels":{"deployment-tool":"cli-firebase"}}
[debug] [2024-12-05T21:15:35.184Z] <<< [apiv2][status] POST https://firebasehosting.googleapis.com/v1beta1/projects/-/sites/bite00/versions 200
[debug] [2024-12-05T21:15:35.185Z] <<< [apiv2][body] POST https://firebasehosting.googleapis.com/v1beta1/projects/-/sites/bite00/versions {"name":"projects/971385690514/sites/bite00/versions/e7bf38c0de6333b1","status":"CREATED","config":{},"labels":{"deployment-tool":"cli-firebase"}}
[info] i  hosting[bite00]: beginning deploy... 
[info] i  hosting[bite00]: found 24 files in dist 
[debug] [2024-12-05T21:15:35.208Z] [hosting] uploading with 200 concurrency
[debug] [2024-12-05T21:15:35.259Z] Checked if tokens are valid: true, expires at: 1733434575873
[debug] [2024-12-05T21:15:35.259Z] Checked if tokens are valid: true, expires at: 1733434575873
[debug] [2024-12-05T21:15:35.260Z] [hosting] hash cache [ZGlzdA] stored for 24 files
[debug] [2024-12-05T21:15:35.260Z] [hosting][hash queue][FINAL] {"max":44,"min":4,"avg":11.375,"active":0,"complete":24,"success":24,"errored":0,"retried":0,"total":24,"elapsed":51}
[debug] [2024-12-05T21:15:35.261Z] >>> [apiv2][query] POST https://firebasehosting.googleapis.com/v1beta1/projects/971385690514/sites/bite00/versions/e7bf38c0de6333b1:populateFiles [none]
[debug] [2024-12-05T21:15:35.261Z] >>> [apiv2][body] POST https://firebasehosting.googleapis.com/v1beta1/projects/971385690514/sites/bite00/versions/e7bf38c0de6333b1:populateFiles {"files":{"/manifest.json":"96af60118b5fdafe63c3c66bd771915fa875e0dd79cfd9df4f1defce35ed189a","/favicon2.png":"adba722fe0493e4cfc5ded2bd3e45baca6f665a2fe7b0e2c13c1e0a1fcb81061","/favicon1.png":"1da1aecb40e0a38e4d9dfe33234e0c8b6bf9f183aaebc9ec6a3a2e444e30b426","/favicon.png":"895d2d611617a423f411e4bf37207303b7acad5ea32cb4f7361932ea1055580e","/index.html":"d93f2330c20e6db662de8e478fe1bec1a59e29e8ed96ede88c49cae346d2b55f","/assets/swipe-back-legacy-DK0oC3Bh.js":"ec27dd279047501946c39ff8573fb957f258376cccb7a35084af10c163ac5963","/assets/swipe-back-BHwwUC6c.js":"1edeea568ca59a1fd5adea647a0300ced310e6a664acd258f4d98a16a2301ad8","/assets/md.transition-legacy-C-9yA1dY.js":"fde2d3ffe772fb7d61ce9012d098156a83b2d218ebeaa58bbc6fc00410e43347","/assets/status-tap-legacy-jCQYVeGN.js":"a426619d5708079ade983e1c6b3a4eb97020eec6b05d20051a44aa01f8de4290","/assets/status-tap-CGN1Q8aJ.js":"13ed3f7c21ce5d9bc545e0756fec02b032639b6c9c12c261b719c44179c7670c","/assets/md.transition-DSTlsJvz.js":"8c40fff285b5242fb99a5798be0f43bbe000d8e5837973d3c50177ec3270363b","/assets/input-shims-legacy-Brr7ftW3.js":"1e9f2fed0c15dddd8152513b8f2e9182e7583964875a10894b08374b79cf6cde","/assets/ios.transition-Dpf0dFOp.js":"7b76effa667b7a420d566bdda2d5e66262edc8dc1052ed93b27aa62ebbb7cb4f","/assets/ios.transition-legacy-Wd9rDh5C.js":"03c4ba35f018ad62163577093b7e45ac03fd42e29955a4d2cdb6e82e5e050aad","/assets/index9-legacy-BdsBBuVp.js":"63c99c0c7462c7b516bcde7d96753f1503fc37d9fd8f8a9dc1bfc35344a0bda8","/assets/index9-D9xh9IS9.js":"d222d44af10a36be8aa2ed75016697458638349c4ecab243dc94141c3457e5ce","/assets/input-shims-CpEOJaxb.js":"e573057ee3eda1e99f20bfc7d7ea5249f2996197b847f8b6adf225c5eed51925","/assets/focus-visible-supuXXMI.js":"df9266429356671847fa2c8123e1564bae645f75df3094f0055c365fa2beae28","/assets/focus-visible-legacy-CdO5cX4I.js":"1ab830c9bc00fe087776708c793c9ace932703eb9ff785891b409695436a0f17","/404.html":"762bf484ba67404bd1a3b181546ea28d60dfddf18e9dd4795d8d25bcf3c1a890","/assets/index-D0bGVTs8.css":"3f362ba221a62633cc37a60efaa4aa62ccdd7d371b26c771a39ffea2473d5430","/assets/polyfills-legacy-BINloJcu.js":"6a86be408ede47c2d27a7d44b51611e48d098a7ea539413a999eeb8aec412f18","/assets/index-2eA65NFS.js":"1490b95cfe54bcfab0d731261662c5e22ebd1803bffaa1543b8d8143f0b6e6f7","/assets/index-legacy-Cze3JHC6.js":"ba9ad44f63a8f2477256853bdca5fc8c69625b2128efa7aeeaa9ad87974a6099"}}
[debug] [2024-12-05T21:15:35.548Z] <<< [apiv2][status] POST https://firebasehosting.googleapis.com/v1beta1/projects/971385690514/sites/bite00/versions/e7bf38c0de6333b1:populateFiles 200
[debug] [2024-12-05T21:15:35.548Z] <<< [apiv2][body] POST https://firebasehosting.googleapis.com/v1beta1/projects/971385690514/sites/bite00/versions/e7bf38c0de6333b1:populateFiles {"uploadRequiredHashes":["1edeea568ca59a1fd5adea647a0300ced310e6a664acd258f4d98a16a2301ad8","ba9ad44f63a8f2477256853bdca5fc8c69625b2128efa7aeeaa9ad87974a6099","8c40fff285b5242fb99a5798be0f43bbe000d8e5837973d3c50177ec3270363b","d93f2330c20e6db662de8e478fe1bec1a59e29e8ed96ede88c49cae346d2b55f","a426619d5708079ade983e1c6b3a4eb97020eec6b05d20051a44aa01f8de4290","1e9f2fed0c15dddd8152513b8f2e9182e7583964875a10894b08374b79cf6cde","e573057ee3eda1e99f20bfc7d7ea5249f2996197b847f8b6adf225c5eed51925","13ed3f7c21ce5d9bc545e0756fec02b032639b6c9c12c261b719c44179c7670c","7b76effa667b7a420d566bdda2d5e66262edc8dc1052ed93b27aa62ebbb7cb4f","d222d44af10a36be8aa2ed75016697458638349c4ecab243dc94141c3457e5ce","1490b95cfe54bcfab0d731261662c5e22ebd1803bffaa1543b8d8143f0b6e6f7","fde2d3ffe772fb7d61ce9012d098156a83b2d218ebeaa58bbc6fc00410e43347","ec27dd279047501946c39ff8573fb957f258376cccb7a35084af10c163ac5963","03c4ba35f018ad62163577093b7e45ac03fd42e29955a4d2cdb6e82e5e050aad","3f362ba221a62633cc37a60efaa4aa62ccdd7d371b26c771a39ffea2473d5430","63c99c0c7462c7b516bcde7d96753f1503fc37d9fd8f8a9dc1bfc35344a0bda8"],"uploadUrl":"https://upload-firebasehosting.googleapis.com/upload/sites/bite00/versions/e7bf38c0de6333b1/files"}
[debug] [2024-12-05T21:15:35.550Z] Checked if tokens are valid: true, expires at: 1733434575873
[debug] [2024-12-05T21:15:35.550Z] Checked if tokens are valid: true, expires at: 1733434575873
[debug] [2024-12-05T21:15:35.550Z] Checked if tokens are valid: true, expires at: 1733434575873
[debug] [2024-12-05T21:15:35.551Z] Checked if tokens are valid: true, expires at: 1733434575873
[debug] [2024-12-05T21:15:35.551Z] Checked if tokens are valid: true, expires at: 1733434575873
[debug] [2024-12-05T21:15:35.551Z] Checked if tokens are valid: true, expires at: 1733434575873
[debug] [2024-12-05T21:15:35.551Z] Checked if tokens are valid: true, expires at: 1733434575873
[debug] [2024-12-05T21:15:35.552Z] Checked if tokens are valid: true, expires at: 1733434575873
[debug] [2024-12-05T21:15:35.552Z] Checked if tokens are valid: true, expires at: 1733434575873
[debug] [2024-12-05T21:15:35.552Z] Checked if tokens are valid: true, expires at: 1733434575873
[debug] [2024-12-05T21:15:35.552Z] Checked if tokens are valid: true, expires at: 1733434575873
[debug] [2024-12-05T21:15:35.553Z] Checked if tokens are valid: true, expires at: 1733434575873
[debug] [2024-12-05T21:15:35.553Z] Checked if tokens are valid: true, expires at: 1733434575873
[debug] [2024-12-05T21:15:35.553Z] Checked if tokens are valid: true, expires at: 1733434575873
[debug] [2024-12-05T21:15:35.553Z] Checked if tokens are valid: true, expires at: 1733434575873
[debug] [2024-12-05T21:15:35.553Z] Checked if tokens are valid: true, expires at: 1733434575873
[debug] [2024-12-05T21:15:35.554Z] Checked if tokens are valid: true, expires at: 1733434575873
[debug] [2024-12-05T21:15:35.554Z] Checked if tokens are valid: true, expires at: 1733434575873
[debug] [2024-12-05T21:15:35.554Z] Checked if tokens are valid: true, expires at: 1733434575873
[debug] [2024-12-05T21:15:35.554Z] Checked if tokens are valid: true, expires at: 1733434575873
[debug] [2024-12-05T21:15:35.554Z] Checked if tokens are valid: true, expires at: 1733434575873
[debug] [2024-12-05T21:15:35.555Z] Checked if tokens are valid: true, expires at: 1733434575873
[debug] [2024-12-05T21:15:35.555Z] Checked if tokens are valid: true, expires at: 1733434575873
[debug] [2024-12-05T21:15:35.555Z] Checked if tokens are valid: true, expires at: 1733434575873
[debug] [2024-12-05T21:15:35.555Z] Checked if tokens are valid: true, expires at: 1733434575873
[debug] [2024-12-05T21:15:35.555Z] Checked if tokens are valid: true, expires at: 1733434575873
[debug] [2024-12-05T21:15:35.555Z] Checked if tokens are valid: true, expires at: 1733434575873
[debug] [2024-12-05T21:15:35.556Z] Checked if tokens are valid: true, expires at: 1733434575873
[debug] [2024-12-05T21:15:35.556Z] Checked if tokens are valid: true, expires at: 1733434575873
[debug] [2024-12-05T21:15:35.556Z] Checked if tokens are valid: true, expires at: 1733434575873
[debug] [2024-12-05T21:15:35.556Z] Checked if tokens are valid: true, expires at: 1733434575873
[debug] [2024-12-05T21:15:35.556Z] Checked if tokens are valid: true, expires at: 1733434575873
[debug] [2024-12-05T21:15:35.557Z] >>> [apiv2][query] POST https://upload-firebasehosting.googleapis.com/upload/sites/bite00/versions/e7bf38c0de6333b1/files/1edeea568ca59a1fd5adea647a0300ced310e6a664acd258f4d98a16a2301ad8 [none]
[debug] [2024-12-05T21:15:35.557Z] >>> [apiv2][body] POST https://upload-firebasehosting.googleapis.com/upload/sites/bite00/versions/e7bf38c0de6333b1/files/1edeea568ca59a1fd5adea647a0300ced310e6a664acd258f4d98a16a2301ad8 [stream]
[debug] [2024-12-05T21:15:35.559Z] >>> [apiv2][query] POST https://upload-firebasehosting.googleapis.com/upload/sites/bite00/versions/e7bf38c0de6333b1/files/ba9ad44f63a8f2477256853bdca5fc8c69625b2128efa7aeeaa9ad87974a6099 [none]
[debug] [2024-12-05T21:15:35.559Z] >>> [apiv2][body] POST https://upload-firebasehosting.googleapis.com/upload/sites/bite00/versions/e7bf38c0de6333b1/files/ba9ad44f63a8f2477256853bdca5fc8c69625b2128efa7aeeaa9ad87974a6099 [stream]
[debug] [2024-12-05T21:15:35.561Z] >>> [apiv2][query] POST https://upload-firebasehosting.googleapis.com/upload/sites/bite00/versions/e7bf38c0de6333b1/files/8c40fff285b5242fb99a5798be0f43bbe000d8e5837973d3c50177ec3270363b [none]
[debug] [2024-12-05T21:15:35.561Z] >>> [apiv2][body] POST https://upload-firebasehosting.googleapis.com/upload/sites/bite00/versions/e7bf38c0de6333b1/files/8c40fff285b5242fb99a5798be0f43bbe000d8e5837973d3c50177ec3270363b [stream]
[debug] [2024-12-05T21:15:35.562Z] >>> [apiv2][query] POST https://upload-firebasehosting.googleapis.com/upload/sites/bite00/versions/e7bf38c0de6333b1/files/d93f2330c20e6db662de8e478fe1bec1a59e29e8ed96ede88c49cae346d2b55f [none]
[debug] [2024-12-05T21:15:35.562Z] >>> [apiv2][body] POST https://upload-firebasehosting.googleapis.com/upload/sites/bite00/versions/e7bf38c0de6333b1/files/d93f2330c20e6db662de8e478fe1bec1a59e29e8ed96ede88c49cae346d2b55f [stream]
[debug] [2024-12-05T21:15:35.564Z] >>> [apiv2][query] POST https://upload-firebasehosting.googleapis.com/upload/sites/bite00/versions/e7bf38c0de6333b1/files/a426619d5708079ade983e1c6b3a4eb97020eec6b05d20051a44aa01f8de4290 [none]
[debug] [2024-12-05T21:15:35.564Z] >>> [apiv2][body] POST https://upload-firebasehosting.googleapis.com/upload/sites/bite00/versions/e7bf38c0de6333b1/files/a426619d5708079ade983e1c6b3a4eb97020eec6b05d20051a44aa01f8de4290 [stream]
[debug] [2024-12-05T21:15:35.566Z] >>> [apiv2][query] POST https://upload-firebasehosting.googleapis.com/upload/sites/bite00/versions/e7bf38c0de6333b1/files/1e9f2fed0c15dddd8152513b8f2e9182e7583964875a10894b08374b79cf6cde [none]
[debug] [2024-12-05T21:15:35.567Z] >>> [apiv2][body] POST https://upload-firebasehosting.googleapis.com/upload/sites/bite00/versions/e7bf38c0de6333b1/files/1e9f2fed0c15dddd8152513b8f2e9182e7583964875a10894b08374b79cf6cde [stream]
[debug] [2024-12-05T21:15:35.568Z] >>> [apiv2][query] POST https://upload-firebasehosting.googleapis.com/upload/sites/bite00/versions/e7bf38c0de6333b1/files/e573057ee3eda1e99f20bfc7d7ea5249f2996197b847f8b6adf225c5eed51925 [none]
[debug] [2024-12-05T21:15:35.568Z] >>> [apiv2][body] POST https://upload-firebasehosting.googleapis.com/upload/sites/bite00/versions/e7bf38c0de6333b1/files/e573057ee3eda1e99f20bfc7d7ea5249f2996197b847f8b6adf225c5eed51925 [stream]
[debug] [2024-12-05T21:15:35.569Z] >>> [apiv2][query] POST https://upload-firebasehosting.googleapis.com/upload/sites/bite00/versions/e7bf38c0de6333b1/files/13ed3f7c21ce5d9bc545e0756fec02b032639b6c9c12c261b719c44179c7670c [none]
[debug] [2024-12-05T21:15:35.569Z] >>> [apiv2][body] POST https://upload-firebasehosting.googleapis.com/upload/sites/bite00/versions/e7bf38c0de6333b1/files/13ed3f7c21ce5d9bc545e0756fec02b032639b6c9c12c261b719c44179c7670c [stream]
[debug] [2024-12-05T21:15:35.570Z] >>> [apiv2][query] POST https://upload-firebasehosting.googleapis.com/upload/sites/bite00/versions/e7bf38c0de6333b1/files/7b76effa667b7a420d566bdda2d5e66262edc8dc1052ed93b27aa62ebbb7cb4f [none]
[debug] [2024-12-05T21:15:35.570Z] >>> [apiv2][body] POST https://upload-firebasehosting.googleapis.com/upload/sites/bite00/versions/e7bf38c0de6333b1/files/7b76effa667b7a420d566bdda2d5e66262edc8dc1052ed93b27aa62ebbb7cb4f [stream]
[debug] [2024-12-05T21:15:35.571Z] >>> [apiv2][query] POST https://upload-firebasehosting.googleapis.com/upload/sites/bite00/versions/e7bf38c0de6333b1/files/d222d44af10a36be8aa2ed75016697458638349c4ecab243dc94141c3457e5ce [none]
[debug] [2024-12-05T21:15:35.571Z] >>> [apiv2][body] POST https://upload-firebasehosting.googleapis.com/upload/sites/bite00/versions/e7bf38c0de6333b1/files/d222d44af10a36be8aa2ed75016697458638349c4ecab243dc94141c3457e5ce [stream]
[debug] [2024-12-05T21:15:35.572Z] >>> [apiv2][query] POST https://upload-firebasehosting.googleapis.com/upload/sites/bite00/versions/e7bf38c0de6333b1/files/1490b95cfe54bcfab0d731261662c5e22ebd1803bffaa1543b8d8143f0b6e6f7 [none]
[debug] [2024-12-05T21:15:35.572Z] >>> [apiv2][body] POST https://upload-firebasehosting.googleapis.com/upload/sites/bite00/versions/e7bf38c0de6333b1/files/1490b95cfe54bcfab0d731261662c5e22ebd1803bffaa1543b8d8143f0b6e6f7 [stream]
[debug] [2024-12-05T21:15:35.573Z] >>> [apiv2][query] POST https://upload-firebasehosting.googleapis.com/upload/sites/bite00/versions/e7bf38c0de6333b1/files/fde2d3ffe772fb7d61ce9012d098156a83b2d218ebeaa58bbc6fc00410e43347 [none]
[debug] [2024-12-05T21:15:35.573Z] >>> [apiv2][body] POST https://upload-firebasehosting.googleapis.com/upload/sites/bite00/versions/e7bf38c0de6333b1/files/fde2d3ffe772fb7d61ce9012d098156a83b2d218ebeaa58bbc6fc00410e43347 [stream]
[debug] [2024-12-05T21:15:35.574Z] >>> [apiv2][query] POST https://upload-firebasehosting.googleapis.com/upload/sites/bite00/versions/e7bf38c0de6333b1/files/ec27dd279047501946c39ff8573fb957f258376cccb7a35084af10c163ac5963 [none]
[debug] [2024-12-05T21:15:35.574Z] >>> [apiv2][body] POST https://upload-firebasehosting.googleapis.com/upload/sites/bite00/versions/e7bf38c0de6333b1/files/ec27dd279047501946c39ff8573fb957f258376cccb7a35084af10c163ac5963 [stream]
[debug] [2024-12-05T21:15:35.575Z] >>> [apiv2][query] POST https://upload-firebasehosting.googleapis.com/upload/sites/bite00/versions/e7bf38c0de6333b1/files/03c4ba35f018ad62163577093b7e45ac03fd42e29955a4d2cdb6e82e5e050aad [none]
[debug] [2024-12-05T21:15:35.575Z] >>> [apiv2][body] POST https://upload-firebasehosting.googleapis.com/upload/sites/bite00/versions/e7bf38c0de6333b1/files/03c4ba35f018ad62163577093b7e45ac03fd42e29955a4d2cdb6e82e5e050aad [stream]
[debug] [2024-12-05T21:15:35.576Z] >>> [apiv2][query] POST https://upload-firebasehosting.googleapis.com/upload/sites/bite00/versions/e7bf38c0de6333b1/files/3f362ba221a62633cc37a60efaa4aa62ccdd7d371b26c771a39ffea2473d5430 [none]
[debug] [2024-12-05T21:15:35.576Z] >>> [apiv2][body] POST https://upload-firebasehosting.googleapis.com/upload/sites/bite00/versions/e7bf38c0de6333b1/files/3f362ba221a62633cc37a60efaa4aa62ccdd7d371b26c771a39ffea2473d5430 [stream]
[debug] [2024-12-05T21:15:35.577Z] >>> [apiv2][query] POST https://upload-firebasehosting.googleapis.com/upload/sites/bite00/versions/e7bf38c0de6333b1/files/63c99c0c7462c7b516bcde7d96753f1503fc37d9fd8f8a9dc1bfc35344a0bda8 [none]
[debug] [2024-12-05T21:15:35.577Z] >>> [apiv2][body] POST https://upload-firebasehosting.googleapis.com/upload/sites/bite00/versions/e7bf38c0de6333b1/files/63c99c0c7462c7b516bcde7d96753f1503fc37d9fd8f8a9dc1bfc35344a0bda8 [stream]
[debug] [2024-12-05T21:15:35.578Z] [hosting][populate queue][FINAL] {"max":299,"min":299,"avg":299,"active":0,"complete":1,"success":1,"errored":0,"retried":0,"total":1,"elapsed":320}
[debug] [2024-12-05T21:15:35.578Z] [hosting] uploads queued: 16
[debug] [2024-12-05T21:15:36.706Z] <<< [apiv2][status] POST https://upload-firebasehosting.googleapis.com/upload/sites/bite00/versions/e7bf38c0de6333b1/files/ec27dd279047501946c39ff8573fb957f258376cccb7a35084af10c163ac5963 200
[debug] [2024-12-05T21:15:36.706Z] <<< [apiv2][body] POST https://upload-firebasehosting.googleapis.com/upload/sites/bite00/versions/e7bf38c0de6333b1/files/ec27dd279047501946c39ff8573fb957f258376cccb7a35084af10c163ac5963 [stream]
[debug] [2024-12-05T21:15:36.708Z] <<< [apiv2][status] POST https://upload-firebasehosting.googleapis.com/upload/sites/bite00/versions/e7bf38c0de6333b1/files/d222d44af10a36be8aa2ed75016697458638349c4ecab243dc94141c3457e5ce 200
[debug] [2024-12-05T21:15:36.709Z] <<< [apiv2][body] POST https://upload-firebasehosting.googleapis.com/upload/sites/bite00/versions/e7bf38c0de6333b1/files/d222d44af10a36be8aa2ed75016697458638349c4ecab243dc94141c3457e5ce [stream]
[debug] [2024-12-05T21:15:36.717Z] <<< [apiv2][status] POST https://upload-firebasehosting.googleapis.com/upload/sites/bite00/versions/e7bf38c0de6333b1/files/3f362ba221a62633cc37a60efaa4aa62ccdd7d371b26c771a39ffea2473d5430 200
[debug] [2024-12-05T21:15:36.718Z] <<< [apiv2][body] POST https://upload-firebasehosting.googleapis.com/upload/sites/bite00/versions/e7bf38c0de6333b1/files/3f362ba221a62633cc37a60efaa4aa62ccdd7d371b26c771a39ffea2473d5430 [stream]
[debug] [2024-12-05T21:15:36.719Z] <<< [apiv2][status] POST https://upload-firebasehosting.googleapis.com/upload/sites/bite00/versions/e7bf38c0de6333b1/files/a426619d5708079ade983e1c6b3a4eb97020eec6b05d20051a44aa01f8de4290 200
[debug] [2024-12-05T21:15:36.719Z] <<< [apiv2][body] POST https://upload-firebasehosting.googleapis.com/upload/sites/bite00/versions/e7bf38c0de6333b1/files/a426619d5708079ade983e1c6b3a4eb97020eec6b05d20051a44aa01f8de4290 [stream]
[debug] [2024-12-05T21:15:36.738Z] <<< [apiv2][status] POST https://upload-firebasehosting.googleapis.com/upload/sites/bite00/versions/e7bf38c0de6333b1/files/63c99c0c7462c7b516bcde7d96753f1503fc37d9fd8f8a9dc1bfc35344a0bda8 200
[debug] [2024-12-05T21:15:36.738Z] <<< [apiv2][body] POST https://upload-firebasehosting.googleapis.com/upload/sites/bite00/versions/e7bf38c0de6333b1/files/63c99c0c7462c7b516bcde7d96753f1503fc37d9fd8f8a9dc1bfc35344a0bda8 [stream]
[debug] [2024-12-05T21:15:36.795Z] <<< [apiv2][status] POST https://upload-firebasehosting.googleapis.com/upload/sites/bite00/versions/e7bf38c0de6333b1/files/1edeea568ca59a1fd5adea647a0300ced310e6a664acd258f4d98a16a2301ad8 200
[debug] [2024-12-05T21:15:36.795Z] <<< [apiv2][body] POST https://upload-firebasehosting.googleapis.com/upload/sites/bite00/versions/e7bf38c0de6333b1/files/1edeea568ca59a1fd5adea647a0300ced310e6a664acd258f4d98a16a2301ad8 [stream]
[debug] [2024-12-05T21:15:36.802Z] <<< [apiv2][status] POST https://upload-firebasehosting.googleapis.com/upload/sites/bite00/versions/e7bf38c0de6333b1/files/7b76effa667b7a420d566bdda2d5e66262edc8dc1052ed93b27aa62ebbb7cb4f 200
[debug] [2024-12-05T21:15:36.802Z] <<< [apiv2][body] POST https://upload-firebasehosting.googleapis.com/upload/sites/bite00/versions/e7bf38c0de6333b1/files/7b76effa667b7a420d566bdda2d5e66262edc8dc1052ed93b27aa62ebbb7cb4f [stream]
[debug] [2024-12-05T21:15:36.814Z] <<< [apiv2][status] POST https://upload-firebasehosting.googleapis.com/upload/sites/bite00/versions/e7bf38c0de6333b1/files/1490b95cfe54bcfab0d731261662c5e22ebd1803bffaa1543b8d8143f0b6e6f7 200
[debug] [2024-12-05T21:15:36.814Z] <<< [apiv2][body] POST https://upload-firebasehosting.googleapis.com/upload/sites/bite00/versions/e7bf38c0de6333b1/files/1490b95cfe54bcfab0d731261662c5e22ebd1803bffaa1543b8d8143f0b6e6f7 [stream]
[debug] [2024-12-05T21:15:36.933Z] <<< [apiv2][status] POST https://upload-firebasehosting.googleapis.com/upload/sites/bite00/versions/e7bf38c0de6333b1/files/e573057ee3eda1e99f20bfc7d7ea5249f2996197b847f8b6adf225c5eed51925 200
[debug] [2024-12-05T21:15:36.933Z] <<< [apiv2][body] POST https://upload-firebasehosting.googleapis.com/upload/sites/bite00/versions/e7bf38c0de6333b1/files/e573057ee3eda1e99f20bfc7d7ea5249f2996197b847f8b6adf225c5eed51925 [stream]
[debug] [2024-12-05T21:15:36.969Z] <<< [apiv2][status] POST https://upload-firebasehosting.googleapis.com/upload/sites/bite00/versions/e7bf38c0de6333b1/files/fde2d3ffe772fb7d61ce9012d098156a83b2d218ebeaa58bbc6fc00410e43347 200
[debug] [2024-12-05T21:15:36.970Z] <<< [apiv2][body] POST https://upload-firebasehosting.googleapis.com/upload/sites/bite00/versions/e7bf38c0de6333b1/files/fde2d3ffe772fb7d61ce9012d098156a83b2d218ebeaa58bbc6fc00410e43347 [stream]
[debug] [2024-12-05T21:15:36.990Z] <<< [apiv2][status] POST https://upload-firebasehosting.googleapis.com/upload/sites/bite00/versions/e7bf38c0de6333b1/files/13ed3f7c21ce5d9bc545e0756fec02b032639b6c9c12c261b719c44179c7670c 200
[debug] [2024-12-05T21:15:36.991Z] <<< [apiv2][body] POST https://upload-firebasehosting.googleapis.com/upload/sites/bite00/versions/e7bf38c0de6333b1/files/13ed3f7c21ce5d9bc545e0756fec02b032639b6c9c12c261b719c44179c7670c [stream]
[debug] [2024-12-05T21:15:37.150Z] <<< [apiv2][status] POST https://upload-firebasehosting.googleapis.com/upload/sites/bite00/versions/e7bf38c0de6333b1/files/03c4ba35f018ad62163577093b7e45ac03fd42e29955a4d2cdb6e82e5e050aad 200
[debug] [2024-12-05T21:15:37.151Z] <<< [apiv2][body] POST https://upload-firebasehosting.googleapis.com/upload/sites/bite00/versions/e7bf38c0de6333b1/files/03c4ba35f018ad62163577093b7e45ac03fd42e29955a4d2cdb6e82e5e050aad [stream]
[debug] [2024-12-05T21:15:37.182Z] <<< [apiv2][status] POST https://upload-firebasehosting.googleapis.com/upload/sites/bite00/versions/e7bf38c0de6333b1/files/8c40fff285b5242fb99a5798be0f43bbe000d8e5837973d3c50177ec3270363b 200
[debug] [2024-12-05T21:15:37.183Z] <<< [apiv2][body] POST https://upload-firebasehosting.googleapis.com/upload/sites/bite00/versions/e7bf38c0de6333b1/files/8c40fff285b5242fb99a5798be0f43bbe000d8e5837973d3c50177ec3270363b [stream]
[debug] [2024-12-05T21:15:37.187Z] <<< [apiv2][status] POST https://upload-firebasehosting.googleapis.com/upload/sites/bite00/versions/e7bf38c0de6333b1/files/ba9ad44f63a8f2477256853bdca5fc8c69625b2128efa7aeeaa9ad87974a6099 200
[debug] [2024-12-05T21:15:37.188Z] <<< [apiv2][body] POST https://upload-firebasehosting.googleapis.com/upload/sites/bite00/versions/e7bf38c0de6333b1/files/ba9ad44f63a8f2477256853bdca5fc8c69625b2128efa7aeeaa9ad87974a6099 [stream]
[info] i  hosting: uploading new files [14/16] (87%) 
[debug] [2024-12-05T21:15:37.228Z] <<< [apiv2][status] POST https://upload-firebasehosting.googleapis.com/upload/sites/bite00/versions/e7bf38c0de6333b1/files/1e9f2fed0c15dddd8152513b8f2e9182e7583964875a10894b08374b79cf6cde 200
[debug] [2024-12-05T21:15:37.228Z] <<< [apiv2][body] POST https://upload-firebasehosting.googleapis.com/upload/sites/bite00/versions/e7bf38c0de6333b1/files/1e9f2fed0c15dddd8152513b8f2e9182e7583964875a10894b08374b79cf6cde [stream]
[debug] [2024-12-05T21:15:37.502Z] <<< [apiv2][status] POST https://upload-firebasehosting.googleapis.com/upload/sites/bite00/versions/e7bf38c0de6333b1/files/d93f2330c20e6db662de8e478fe1bec1a59e29e8ed96ede88c49cae346d2b55f 200
[debug] [2024-12-05T21:15:37.504Z] <<< [apiv2][body] POST https://upload-firebasehosting.googleapis.com/upload/sites/bite00/versions/e7bf38c0de6333b1/files/d93f2330c20e6db662de8e478fe1bec1a59e29e8ed96ede88c49cae346d2b55f [stream]
[debug] [2024-12-05T21:15:37.505Z] [hosting][upload queue][FINAL] {"max":1954,"min":1152,"avg":1394.3125,"active":0,"complete":16,"success":16,"errored":0,"retried":0,"total":16,"elapsed":1956}
[info] i  hosting: upload complete 
[info] +  hosting[bite00]: file upload complete 
[debug] [2024-12-05T21:15:37.509Z] [hosting] deploy completed after 2320ms
[debug] [2024-12-05T21:15:37.511Z] [
  {
    "config": {
      "public": "dist",
      "ignore": [
        "firebase.json",
        "**/.*",
        "**/node_modules/**"
      ],
      "rewrites": [
        {
          "source": "**",
          "destination": "/index.html"
        }
      ],
      "headers": [
        {
          "source": "/**",
          "headers": [
            {
              "key": "Cache-Control",
              "value": "public, max-age=31536000"
            }
          ]
        }
      ],
      "site": "bite00"
    },
    "version": "projects/971385690514/sites/bite00/versions/e7bf38c0de6333b1"
  }
]
[info] i  hosting[bite00]: finalizing version... 
[debug] [2024-12-05T21:15:37.527Z] Checked if tokens are valid: true, expires at: 1733434575873
[debug] [2024-12-05T21:15:37.528Z] Checked if tokens are valid: true, expires at: 1733434575873
[debug] [2024-12-05T21:15:37.529Z] >>> [apiv2][query] PATCH https://firebasehosting.googleapis.com/v1beta1/projects/-/sites/bite00/versions/e7bf38c0de6333b1 updateMask=status%2Cconfig
[debug] [2024-12-05T21:15:37.530Z] >>> [apiv2][body] PATCH https://firebasehosting.googleapis.com/v1beta1/projects/-/sites/bite00/versions/e7bf38c0de6333b1 {"status":"FINALIZED","config":{"rewrites":[{"glob":"**","path":"/index.html"}],"headers":[{"glob":"/**","headers":{"Cache-Control":"public, max-age=31536000"}}]}}
[debug] [2024-12-05T21:15:37.776Z] <<< [apiv2][status] PATCH https://firebasehosting.googleapis.com/v1beta1/projects/-/sites/bite00/versions/e7bf38c0de6333b1 200
[debug] [2024-12-05T21:15:37.778Z] <<< [apiv2][body] PATCH https://firebasehosting.googleapis.com/v1beta1/projects/-/sites/bite00/versions/e7bf38c0de6333b1 {"name":"projects/971385690514/sites/bite00/versions/e7bf38c0de6333b1","status":"FINALIZED","config":{"headers":[{"headers":{"Cache-Control":"public, max-age=31536000"},"glob":"/**"}],"rewrites":[{"glob":"**","path":"/index.html"}]},"labels":{"deployment-tool":"cli-firebase"},"createTime":"2024-12-05T21:15:32.454032Z","createUser":{"email":"itas12@gmail.com"},"finalizeTime":"2024-12-05T21:15:35.348590Z","finalizeUser":{"email":"itas12@gmail.com"}}
[debug] [2024-12-05T21:15:37.779Z] [hosting] finalized version for bite00:[object Object]
[info] +  hosting[bite00]: version finalized 
[info] i  hosting[bite00]: releasing new version... 
[debug] [2024-12-05T21:15:37.783Z] Checked if tokens are valid: true, expires at: 1733434575873
[debug] [2024-12-05T21:15:37.784Z] Checked if tokens are valid: true, expires at: 1733434575873
[debug] [2024-12-05T21:15:37.785Z] >>> [apiv2][query] POST https://firebasehosting.googleapis.com/v1beta1/projects/-/sites/bite00/channels/live/releases versionName=projects%2F971385690514%2Fsites%2Fbite00%2Fversions%2Fe7bf38c0de6333b1
[debug] [2024-12-05T21:15:37.787Z] >>> [apiv2][body] POST https://firebasehosting.googleapis.com/v1beta1/projects/-/sites/bite00/channels/live/releases {}
[debug] [2024-12-05T21:15:38.149Z] <<< [apiv2][status] POST https://firebasehosting.googleapis.com/v1beta1/projects/-/sites/bite00/channels/live/releases 200
[debug] [2024-12-05T21:15:38.151Z] <<< [apiv2][body] POST https://firebasehosting.googleapis.com/v1beta1/projects/-/sites/bite00/channels/live/releases {"name":"projects/971385690514/sites/bite00/channels/live/releases/1733433335160000","version":{"name":"projects/971385690514/sites/bite00/versions/e7bf38c0de6333b1","status":"FINALIZED","config":{"headers":[{"headers":{"Cache-Control":"public, max-age=31536000"},"glob":"/**"}],"rewrites":[{"glob":"**","path":"/index.html"}]},"labels":{"deployment-tool":"cli-firebase"},"createTime":"2024-12-05T21:15:32.454032Z","createUser":{"email":"itas12@gmail.com","imageUrl":"https://lh3.googleusercontent.com/a/ACg8ocL0dXo9cpkthIG6Po5NAgYCXLj7MX_Fjv9m32TbzUO4F7Itvw=mo"},"finalizeTime":"2024-12-05T21:15:35.348590Z","finalizeUser":{"email":"itas12@gmail.com","imageUrl":"https://lh3.googleusercontent.com/a/ACg8ocL0dXo9cpkthIG6Po5NAgYCXLj7MX_Fjv9m32TbzUO4F7Itvw=mo"}},"type":"DEPLOY","releaseTime":"2024-12-05T21:15:35.160Z","releaseUser":{"email":"itas12@gmail.com","imageUrl":"https://lh3.googleusercontent.com/a/ACg8ocL0dXo9cpkthIG6Po5NAgYCXLj7MX_Fjv9m32TbzUO4F7Itvw=mo"}}
[debug] [2024-12-05T21:15:38.153Z] [hosting] release: {"name":"projects/971385690514/sites/bite00/channels/live/releases/1733433335160000","version":{"name":"projects/971385690514/sites/bite00/versions/e7bf38c0de6333b1","status":"FINALIZED","config":{"headers":[{"headers":{"Cache-Control":"public, max-age=31536000"},"glob":"/**"}],"rewrites":[{"glob":"**","path":"/index.html"}]},"labels":{"deployment-tool":"cli-firebase"},"createTime":"2024-12-05T21:15:32.454032Z","createUser":{"email":"itas12@gmail.com","imageUrl":"https://lh3.googleusercontent.com/a/ACg8ocL0dXo9cpkthIG6Po5NAgYCXLj7MX_Fjv9m32TbzUO4F7Itvw=mo"},"finalizeTime":"2024-12-05T21:15:35.348590Z","finalizeUser":{"email":"itas12@gmail.com","imageUrl":"https://lh3.googleusercontent.com/a/ACg8ocL0dXo9cpkthIG6Po5NAgYCXLj7MX_Fjv9m32TbzUO4F7Itvw=mo"}},"type":"DEPLOY","releaseTime":"2024-12-05T21:15:35.160Z","releaseUser":{"email":"itas12@gmail.com","imageUrl":"https://lh3.googleusercontent.com/a/ACg8ocL0dXo9cpkthIG6Po5NAgYCXLj7MX_Fjv9m32TbzUO4F7Itvw=mo"}}
[info] +  hosting[bite00]: release complete 
[info] 
[info] +  Deploy complete! 
[info] 
[info] Project Console: https://console.firebase.google.com/project/bite00/overview
[info] Hosting URL: https://bite00.web.app
